<?xml version="1.0" encoding="UTF-8"?>
<testng-results ignored="0" total="1" passed="1" failed="0" skipped="0">
  <reporter-output>
  </reporter-output>
  <suite started-at="2026-02-17T11:35:58 GMT" name="Suite" finished-at="2026-02-17T11:36:01 GMT" duration-ms="3389">
    <groups>
    </groups>
    <test started-at="2026-02-17T11:35:58 GMT" name="Test" finished-at="2026-02-17T11:36:01 GMT" duration-ms="3389">
      <class name="tests.LoginTest">
        <test-method is-config="true" signature="setup(java.lang.reflect.Method)[pri:0, instance:tests.LoginTest@77847718]" started-at="2026-02-17T11:35:58 GMT" name="setup" finished-at="2026-02-17T11:36:00 GMT" duration-ms="2663" status="PASS">
          <params>
            <param index="0">
              <value>
                <![CDATA[public void tests.LoginTest.verifyLogin()]]>
              </value>
            </param>
          </params>
          <reporter-output>
          </reporter-output>
        </test-method> <!-- setup -->
        <test-method signature="verifyLogin()[pri:0, instance:tests.LoginTest@77847718]" started-at="2026-02-17T11:36:00 GMT" name="verifyLogin" finished-at="2026-02-17T11:36:00 GMT" duration-ms="299" status="PASS">
          <reporter-output>
          </reporter-output>
        </test-method> <!-- verifyLogin -->
        <test-method is-config="true" signature="teardown(org.testng.ITestResult)[pri:0, instance:tests.LoginTest@77847718]" started-at="2026-02-17T11:36:01 GMT" name="teardown" finished-at="2026-02-17T11:36:01 GMT" duration-ms="408" status="PASS">
          <params>
            <param index="0">
              <value>
                <![CDATA[[TestResult name=verifyLogin status=SUCCESS method=LoginTest.verifyLogin()[pri:0, instance:tests.LoginTest@77847718] output={null}]]]>
              </value>
            </param>
          </params>
          <reporter-output>
          </reporter-output>
        </test-method> <!-- teardown -->
      </class> <!-- tests.LoginTest -->
    </test> <!-- Test -->
  </suite> <!-- Suite -->
</testng-results>
